0 verbose cli [
0 verbose cli   'C:\\Program Files\\nodejs\\node.exe',
0 verbose cli   'C:\\Program Files\\nodejs\\node_modules\\npm\\bin\\npm-cli.js',
0 verbose cli   'view',
0 verbose cli   '--json',
0 verbose cli   'react-share',
0 verbose cli   'description',
0 verbose cli   'dist-tags.latest',
0 verbose cli   'homepage',
0 verbose cli   'version'
0 verbose cli ]
1 info using npm@8.3.1
2 info using node@v16.14.0
3 timing npm:load:whichnode Completed in 1ms
4 timing config:load:defaults Completed in 1ms
5 timing config:load:file:C:\Program Files\nodejs\node_modules\npm\npmrc Completed in 4ms
6 timing config:load:builtin Completed in 4ms
7 timing config:load:cli Completed in 2ms
8 timing config:load:env Completed in 1ms
9 timing config:load:file:c:\Users\TKA183\Anchor\Anchor\.npmrc Completed in 2ms
10 timing config:load:project Completed in 4ms
11 timing config:load:file:C:\Users\TKA183\.npmrc Completed in 1ms
12 timing config:load:user Completed in 1ms
13 timing config:load:file:C:\Users\TKA183\AppData\Roaming\npm\etc\npmrc Completed in 1ms
14 timing config:load:global Completed in 1ms
15 timing config:load:validate Completed in 1ms
16 timing config:load:credentials Completed in 0ms
17 timing config:load:setEnvs Completed in 1ms
18 timing config:load Completed in 17ms
19 timing npm:load:configload Completed in 17ms
20 timing npm:load:setTitle Completed in 1ms
21 timing config:load:flatten Completed in 2ms
22 timing npm:load:display Completed in 3ms
23 verbose logfile c:\Users\TKA183\Anchor\Anchor\npmcache\_logs\2022-03-04T10_44_39_336Z-debug-0.log
24 timing npm:load:logFile Completed in 14ms
25 timing npm:load:timers Completed in 0ms
26 timing npm:load:configScope Completed in 0ms
27 timing npm:load Completed in 37ms
28 silly logfile start cleaning logs, removing 1 files
29 timing command:view Completed in 3782ms
30 verbose exit 0
31 timing npm Completed in 4102ms
32 info ok
