0 verbose cli [
0 verbose cli   'C:\\Program Files\\nodejs\\node.exe',
0 verbose cli   'C:\\Program Files\\nodejs\\node_modules\\npm\\bin\\npm-cli.js',
0 verbose cli   'view',
0 verbose cli   '--json',
0 verbose cli   '@anchor/react-components',
0 verbose cli   'description',
0 verbose cli   'dist-tags.latest',
0 verbose cli   'homepage',
0 verbose cli   'version'
0 verbose cli ]
1 info using npm@8.3.1
2 info using node@v16.14.0
3 timing npm:load:whichnode Completed in 0ms
4 timing config:load:defaults Completed in 1ms
5 timing config:load:file:C:\Program Files\nodejs\node_modules\npm\npmrc Completed in 4ms
6 timing config:load:builtin Completed in 4ms
7 timing config:load:cli Completed in 2ms
8 timing config:load:env Completed in 1ms
9 timing config:load:file:c:\Users\TKA183\Anchor\Anchor\.npmrc Completed in 2ms
10 timing config:load:project Completed in 5ms
11 timing config:load:file:C:\Users\TKA183\.npmrc Completed in 1ms
12 timing config:load:user Completed in 1ms
13 timing config:load:file:C:\Users\TKA183\AppData\Roaming\npm\etc\npmrc Completed in 1ms
14 timing config:load:global Completed in 1ms
15 timing config:load:validate Completed in 3ms
16 timing config:load:credentials Completed in 0ms
17 timing config:load:setEnvs Completed in 1ms
18 timing config:load Completed in 21ms
19 timing npm:load:configload Completed in 22ms
20 timing npm:load:setTitle Completed in 1ms
21 timing config:load:flatten Completed in 3ms
22 timing npm:load:display Completed in 4ms
23 verbose logfile c:\Users\TKA183\Anchor\Anchor\npmcache\_logs\2022-03-04T10_44_49_857Z-debug-0.log
24 timing npm:load:logFile Completed in 8ms
25 timing npm:load:timers Completed in 0ms
26 timing npm:load:configScope Completed in 0ms
27 timing npm:load Completed in 35ms
28 silly logfile start cleaning logs, removing 1 files
29 timing command:view Completed in 309396ms
30 verbose type system
31 verbose stack FetchError: Invalid response body while trying to fetch https://tools-nexus.maerskdev.net/repository/npm-group-internal/@anchor%2freact-components: Socket timeout
31 verbose stack     at C:\Program Files\nodejs\node_modules\npm\node_modules\minipass-fetch\lib\body.js:162:15
31 verbose stack     at processTicksAndRejections (node:internal/process/task_queues:96:5)
31 verbose stack     at async View.getData (C:\Program Files\nodejs\node_modules\npm\lib\commands\view.js:201:20)
31 verbose stack     at async View.exec (C:\Program Files\nodejs\node_modules\npm\lib\commands\view.js:109:28)
31 verbose stack     at async module.exports (C:\Program Files\nodejs\node_modules\npm\lib\cli.js:66:5)
32 verbose cwd c:\Users\TKA183\Anchor\Anchor
33 verbose Windows_NT 10.0.19043
34 verbose argv "C:\\Program Files\\nodejs\\node.exe" "C:\\Program Files\\nodejs\\node_modules\\npm\\bin\\npm-cli.js" "view" "--json" "@anchor/react-components" "description" "dist-tags.latest" "homepage" "version"
35 verbose node v16.14.0
36 verbose npm  v8.3.1
37 error code ERR_SOCKET_TIMEOUT
38 error errno ERR_SOCKET_TIMEOUT
39 error network Invalid response body while trying to fetch https://tools-nexus.maerskdev.net/repository/npm-group-internal/@anchor%2freact-components: Socket timeout
40 error network This is a problem related to network connectivity.
40 error network In most cases you are behind a proxy or have bad network settings.
40 error network
40 error network If you are behind a proxy, please make sure that the
40 error network 'proxy' config is set properly.  See: 'npm help config'
41 verbose exit 1
42 timing npm Completed in 309717ms
43 verbose code 1
44 error A complete log of this run can be found in:
44 error     c:\Users\TKA183\Anchor\Anchor\npmcache\_logs\2022-03-04T10_44_49_857Z-debug-0.log
